<?xml version="1.0" encoding="UTF-8"?>
<!-- Generated by org.testng.reporters.JUnitReportReporter -->
<testsuite hostname="ANIL" failures="0" tests="1" name="Com.Ecommerse.Testcases.brokenlinks" time="72.741" errors="0" timestamp="2023-08-01T19:15:34 IST" skipped="0">
  <testcase classname="Com.Ecommerse.Testcases.brokenlinks" name="printalllink" time="72.741"/>
</testsuite> <!-- Com.Ecommerse.Testcases.brokenlinks -->
